Arguments: 
  /usr/local/bin/node /usr/local/Cellar/yarn/1.21.1/libexec/bin/yarn.js add --dev prettier prettier-plugin-apex

PATH: 
  /usr/local/heroku/bin:/usr/local/bin:usr/local/sbin:~/bin:/usr/local/bin:/usr/bin:/bin:/usr/sbin:/sbin:/Users/shane.mclaughlin/code/google-cloud-sdk/bin:/usr/local/heroku/bin:usr/local/sbin:~/bin:/Users/shane.mclaughlin/tools:/Users/shane.mclaughlin/tools

Yarn version: 
  1.21.1

Node version: 
  12.14.0

Platform: 
  darwin x64

Trace: 
  SyntaxError: /Users/shane.mclaughlin/code/oneFeature/oneft-lwc/package.json: Unexpected token } in JSON at position 999
      at JSON.parse (<anonymous>)
      at /usr/local/Cellar/yarn/1.21.1/libexec/lib/cli.js:1625:59
      at Generator.next (<anonymous>)
      at step (/usr/local/Cellar/yarn/1.21.1/libexec/lib/cli.js:310:30)
      at /usr/local/Cellar/yarn/1.21.1/libexec/lib/cli.js:321:13

npm manifest: 
  {
    "name": "oneft-lwc",
    "version": "0.0.1",
    "description": "",
    "scripts": {
      "test": "echo \"Error: no test specified\" && exit 1",
      "build": "sfdx shane:org:delete; ./orgInit.sh",
      "publish": "sfdx shane:package2:version:bump -m -r; git add sfdx-project.json; git commit -m 'package version bump'; git push origin master",
      "reset": "echo \"sfdx force:apex:execute -f scripts/dataWipe.cls && sfdx force:apex:execute -f scripts/init.cls\""
    },
    "nodemonConfig": {
      "watch": [
        "force-app"
      ],
      "exec": "sfdx force:source:push",
      "ext": "cls,xml,json,js,trigger,cmp,css,design,svg,html",
      "delay": "2500"
    },
    "repository": {
      "type": "git",
      "url": "git+https://github.com/mshanemc/oneft-lwc.git"
    },
    "author": "Shane McLaughlin",
    "license": "ISC",
    "bugs": {
      "url": "https://github.com/mshanemc/oneft-lwc/issues"
    },
    "homepage": "https://github.com/mshanemc/oneft-lwc",
    "devDependencies": {
      "nodemon": "^1.19.2",
      "prettier"
    }
  }

yarn manifest: 
  No manifest

Lockfile: 
  No lockfile
